<?xml version="1.0" encoding="UTF-8"?>
<!-- Generated by org.testng.reporters.JUnitReportReporter -->
<testsuite hostname="Z1-471" failures="0" tests="1" name="Scripts.Testcase1" time="19.957" errors="0" timestamp="2022-05-20T12:14:24 IST" skipped="0">
  <testcase classname="Scripts.Testcase1" name="tc1" time="19.957"/>
  <system-out/>
</testsuite> <!-- Scripts.Testcase1 -->
